2017-01-10 10:01:20,535 [Worker-1] INFO  o.e.m.c.i.p.ProjectConfigurationManager - Collecting project info '/pom.xml' /Users/agolubev1/Desktop/Dawn/update/pom.xml
2017-01-10 10:01:21,144 [Worker-1] INFO  o.e.m.c.i.l.LifecycleMappingFactory - Using org.eclipse.m2e.jdt.JarLifecycleMapping lifecycle mapping for MavenProject: dawn:update:0.0.1-SNAPSHOT @ /Users/agolubev1/Desktop/Dawn/update/pom.xml.
2017-01-10 10:01:21,306 [Worker-1] INFO  o.e.m.j.i.AbstractJavaProjectConfigurator - Adding source folder /update/src/main/java
2017-01-10 10:01:21,308 [Worker-1] INFO  o.e.m.j.i.AbstractJavaProjectConfigurator - Adding source folder /update/src/test/java
2017-01-10 10:01:22,378 [Worker-1] INFO  o.e.m.c.i.p.ProjectConfigurationManager - Imported and configured 1 project(s) in 1 sec
2017-01-10 10:01:22,875 [Worker-0] INFO  o.e.m.c.i.l.LifecycleMappingFactory - Using org.eclipse.m2e.jdt.JarLifecycleMapping lifecycle mapping for MavenProject: dawn:update:0.0.1-SNAPSHOT @ /Users/agolubev1/Desktop/Dawn/update/pom.xml.
2017-01-10 10:01:22,920 [Worker-0] INFO  o.e.m.c.i.embedder.EclipseLogger - Using 'UTF-8' encoding to copy filtered resources.
2017-01-10 10:01:22,920 [Worker-0] INFO  o.e.m.c.i.embedder.EclipseLogger - skip non existing resourceDirectory /Users/agolubev1/Desktop/Dawn/update/src/main/resources
2017-01-10 10:01:22,921 [Worker-0] INFO  o.e.m.c.i.embedder.EclipseLogger - Using 'UTF-8' encoding to copy filtered resources.
2017-01-10 10:01:22,921 [Worker-0] INFO  o.e.m.c.i.embedder.EclipseLogger - skip non existing resourceDirectory /Users/agolubev1/Desktop/Dawn/update/src/test/resources
2017-01-10 10:01:23,110 [Worker-2] INFO  o.e.m.c.i.l.LifecycleMappingFactory - Using org.eclipse.m2e.jdt.JarLifecycleMapping lifecycle mapping for MavenProject: dawn:update:0.0.1-SNAPSHOT @ /Users/agolubev1/Desktop/Dawn/update/pom.xml.
2017-01-10 10:01:24,036 [Worker-1] INFO  o.e.m.c.i.embedder.EclipseLogger - Using 'UTF-8' encoding to copy filtered resources.
2017-01-10 10:01:24,036 [Worker-1] INFO  o.e.m.c.i.embedder.EclipseLogger - skip non existing resourceDirectory /Users/agolubev1/Desktop/Dawn/update/src/main/resources
2017-01-10 10:01:24,037 [Worker-1] INFO  o.e.m.c.i.embedder.EclipseLogger - Using 'UTF-8' encoding to copy filtered resources.
2017-01-10 10:01:24,037 [Worker-1] INFO  o.e.m.c.i.embedder.EclipseLogger - skip non existing resourceDirectory /Users/agolubev1/Desktop/Dawn/update/src/test/resources
2017-01-10 10:01:39,326 [Worker-2] INFO  o.e.m.c.i.embedder.EclipseLogger - Using 'UTF-8' encoding to copy filtered resources.
2017-01-10 10:01:39,326 [Worker-2] INFO  o.e.m.c.i.embedder.EclipseLogger - skip non existing resourceDirectory /Users/agolubev1/Desktop/Dawn/update/src/main/resources
2017-01-10 10:01:39,327 [Worker-2] INFO  o.e.m.c.i.embedder.EclipseLogger - Using 'UTF-8' encoding to copy filtered resources.
2017-01-10 10:01:39,328 [Worker-2] INFO  o.e.m.c.i.embedder.EclipseLogger - skip non existing resourceDirectory /Users/agolubev1/Desktop/Dawn/update/src/test/resources
2017-01-10 10:01:40,340 [Worker-1] INFO  o.e.m.c.i.embedder.EclipseLogger - Using 'UTF-8' encoding to copy filtered resources.
2017-01-10 10:01:40,341 [Worker-1] INFO  o.e.m.c.i.embedder.EclipseLogger - skip non existing resourceDirectory /Users/agolubev1/Desktop/Dawn/update/src/main/resources
2017-01-10 10:01:40,342 [Worker-1] INFO  o.e.m.c.i.embedder.EclipseLogger - Using 'UTF-8' encoding to copy filtered resources.
2017-01-10 10:01:40,342 [Worker-1] INFO  o.e.m.c.i.embedder.EclipseLogger - skip non existing resourceDirectory /Users/agolubev1/Desktop/Dawn/update/src/test/resources
2017-01-10 10:02:15,630 [Worker-1] INFO  o.e.m.c.i.l.LifecycleMappingFactory - Using org.eclipse.m2e.jdt.JarLifecycleMapping lifecycle mapping for MavenProject: com.trihonda.test:request.quote:0.0.1-SNAPSHOT @ /Users/agolubev1/Desktop/Dawn/update/pom.xml.
2017-01-10 10:02:16,442 [Worker-1] INFO  o.e.m.c.i.embedder.EclipseLogger - Using 'UTF-8' encoding to copy filtered resources.
2017-01-10 10:02:16,442 [Worker-1] INFO  o.e.m.c.i.embedder.EclipseLogger - skip non existing resourceDirectory /Users/agolubev1/Desktop/Dawn/update/src/main/resources
2017-01-10 10:02:16,443 [Worker-1] INFO  o.e.m.c.i.embedder.EclipseLogger - Using 'UTF-8' encoding to copy filtered resources.
2017-01-10 10:02:16,443 [Worker-1] INFO  o.e.m.c.i.embedder.EclipseLogger - skip non existing resourceDirectory /Users/agolubev1/Desktop/Dawn/update/src/test/resources
2017-01-10 10:02:18,003 [Worker-4] INFO  o.e.m.c.i.embedder.EclipseLogger - Using 'UTF-8' encoding to copy filtered resources.
2017-01-10 10:02:18,003 [Worker-4] INFO  o.e.m.c.i.embedder.EclipseLogger - skip non existing resourceDirectory /Users/agolubev1/Desktop/Dawn/update/src/main/resources
2017-01-10 10:02:18,003 [Worker-4] INFO  o.e.m.c.i.embedder.EclipseLogger - Using 'UTF-8' encoding to copy filtered resources.
2017-01-10 10:02:18,003 [Worker-4] INFO  o.e.m.c.i.embedder.EclipseLogger - skip non existing resourceDirectory /Users/agolubev1/Desktop/Dawn/update/src/test/resources
2017-01-10 10:02:24,997 [Worker-5] INFO  o.e.m.c.i.embedder.EclipseLogger - Using 'UTF-8' encoding to copy filtered resources.
2017-01-10 10:02:24,998 [Worker-5] INFO  o.e.m.c.i.embedder.EclipseLogger - skip non existing resourceDirectory /Users/agolubev1/Desktop/Dawn/update/src/main/resources
2017-01-10 10:02:24,999 [Worker-5] INFO  o.e.m.c.i.embedder.EclipseLogger - Using 'UTF-8' encoding to copy filtered resources.
2017-01-10 10:02:24,999 [Worker-5] INFO  o.e.m.c.i.embedder.EclipseLogger - skip non existing resourceDirectory /Users/agolubev1/Desktop/Dawn/update/src/test/resources
2017-01-10 10:02:55,188 [Worker-5] INFO  o.e.m.c.i.embedder.EclipseLogger - Using 'UTF-8' encoding to copy filtered resources.
2017-01-10 10:02:55,189 [Worker-5] INFO  o.e.m.c.i.embedder.EclipseLogger - skip non existing resourceDirectory /Users/agolubev1/Desktop/Dawn/update/src/main/resources
2017-01-10 10:02:55,190 [Worker-5] INFO  o.e.m.c.i.embedder.EclipseLogger - Using 'UTF-8' encoding to copy filtered resources.
2017-01-10 10:02:55,190 [Worker-5] INFO  o.e.m.c.i.embedder.EclipseLogger - skip non existing resourceDirectory /Users/agolubev1/Desktop/Dawn/update/src/test/resources
2017-01-10 10:07:15,679 [Worker-0] INFO  o.e.m.c.i.embedder.EclipseLogger - Using 'UTF-8' encoding to copy filtered resources.
2017-01-10 10:07:15,679 [Worker-0] INFO  o.e.m.c.i.embedder.EclipseLogger - skip non existing resourceDirectory /Users/agolubev1/Desktop/Dawn/update/src/main/resources
2017-01-10 10:07:15,680 [Worker-0] INFO  o.e.m.c.i.embedder.EclipseLogger - Using 'UTF-8' encoding to copy filtered resources.
2017-01-10 10:07:15,680 [Worker-0] INFO  o.e.m.c.i.embedder.EclipseLogger - skip non existing resourceDirectory /Users/agolubev1/Desktop/Dawn/update/src/test/resources
2017-01-10 10:09:41,865 [Worker-7] INFO  o.e.m.c.i.embedder.EclipseLogger - Using 'UTF-8' encoding to copy filtered resources.
2017-01-10 10:09:41,866 [Worker-7] INFO  o.e.m.c.i.embedder.EclipseLogger - skip non existing resourceDirectory /Users/agolubev1/Desktop/Dawn/update/src/main/resources
2017-01-10 10:09:41,867 [Worker-7] INFO  o.e.m.c.i.embedder.EclipseLogger - Using 'UTF-8' encoding to copy filtered resources.
2017-01-10 10:09:41,867 [Worker-7] INFO  o.e.m.c.i.embedder.EclipseLogger - skip non existing resourceDirectory /Users/agolubev1/Desktop/Dawn/update/src/test/resources
2017-01-10 10:09:54,583 [Worker-3] INFO  o.e.m.c.i.embedder.EclipseLogger - Using 'UTF-8' encoding to copy filtered resources.
2017-01-10 10:09:54,583 [Worker-3] INFO  o.e.m.c.i.embedder.EclipseLogger - skip non existing resourceDirectory /Users/agolubev1/Desktop/Dawn/update/src/main/resources
2017-01-10 10:09:54,584 [Worker-3] INFO  o.e.m.c.i.embedder.EclipseLogger - Using 'UTF-8' encoding to copy filtered resources.
2017-01-10 10:09:54,584 [Worker-3] INFO  o.e.m.c.i.embedder.EclipseLogger - skip non existing resourceDirectory /Users/agolubev1/Desktop/Dawn/update/src/test/resources
2017-01-10 10:09:58,155 [Worker-8] INFO  o.e.m.c.i.embedder.EclipseLogger - Using 'UTF-8' encoding to copy filtered resources.
2017-01-10 10:09:58,155 [Worker-8] INFO  o.e.m.c.i.embedder.EclipseLogger - skip non existing resourceDirectory /Users/agolubev1/Desktop/Dawn/update/src/main/resources
2017-01-10 10:09:58,156 [Worker-8] INFO  o.e.m.c.i.embedder.EclipseLogger - Using 'UTF-8' encoding to copy filtered resources.
2017-01-10 10:09:58,156 [Worker-8] INFO  o.e.m.c.i.embedder.EclipseLogger - skip non existing resourceDirectory /Users/agolubev1/Desktop/Dawn/update/src/test/resources
2017-01-10 11:56:31,454 [Worker-3] INFO  o.e.m.c.i.embedder.EclipseLogger - Using 'UTF-8' encoding to copy filtered resources.
2017-01-10 11:56:31,455 [Worker-3] INFO  o.e.m.c.i.embedder.EclipseLogger - skip non existing resourceDirectory /Users/agolubev1/Desktop/Dawn/update/src/main/resources
2017-01-10 11:56:31,456 [Worker-3] INFO  o.e.m.c.i.embedder.EclipseLogger - Using 'UTF-8' encoding to copy filtered resources.
2017-01-10 11:56:31,456 [Worker-3] INFO  o.e.m.c.i.embedder.EclipseLogger - skip non existing resourceDirectory /Users/agolubev1/Desktop/Dawn/update/src/test/resources
2017-01-10 12:00:45,264 [Worker-24] INFO  o.e.m.i.launch.MavenLaunchDelegate - /Users/agolubev1/Desktop/Dawn/update
2017-01-10 12:00:45,265 [Worker-24] INFO  o.e.m.i.launch.MavenLaunchDelegate -  mvn -DBrandUrl=http://author.dawn-dish.pgsitecore.com/en-us/products/by-line/liquid-orange-scent -DsuiteFile=ProductDetails.xml  -B test
2017-01-10 12:01:47,676 [Worker-17] INFO  o.e.m.i.launch.MavenLaunchDelegate - /Users/agolubev1/Desktop/Dawn/update
2017-01-10 12:01:47,676 [Worker-17] INFO  o.e.m.i.launch.MavenLaunchDelegate -  mvn -DBrandUrl=http://author.dawn-dish.pgsitecore.com/en-us/products/by-line/liquid-orange-scent -DsuiteFile=ProductDetails.xml  -B test -X
2017-01-10 12:03:53,169 [Worker-30] INFO  o.e.m.i.launch.MavenLaunchDelegate - /Users/agolubev1/Desktop/Dawn/update
2017-01-10 12:03:53,170 [Worker-30] INFO  o.e.m.i.launch.MavenLaunchDelegate -  mvn -DBrandUrl=http://author.dawn-dish.pgsitecore.com/en-us/products/by-line/liquid-orange-scent -DsuiteFile=ProductDetails.xml  -B test -X
2017-01-10 15:03:32,141 [Worker-1] INFO  o.e.m.c.i.embedder.EclipseLogger - Using 'UTF-8' encoding to copy filtered resources.
2017-01-10 15:03:32,144 [Worker-1] INFO  o.e.m.c.i.embedder.EclipseLogger - skip non existing resourceDirectory /Users/agolubev1/Desktop/Dawn/update/src/main/resources
2017-01-10 15:03:32,146 [Worker-1] INFO  o.e.m.c.i.embedder.EclipseLogger - Using 'UTF-8' encoding to copy filtered resources.
2017-01-10 15:03:32,146 [Worker-1] INFO  o.e.m.c.i.embedder.EclipseLogger - skip non existing resourceDirectory /Users/agolubev1/Desktop/Dawn/update/src/test/resources
2017-01-10 15:03:45,825 [Worker-2] INFO  o.e.m.c.i.embedder.EclipseLogger - Using 'UTF-8' encoding to copy filtered resources.
2017-01-10 15:03:45,825 [Worker-2] INFO  o.e.m.c.i.embedder.EclipseLogger - skip non existing resourceDirectory /Users/agolubev1/Desktop/Dawn/update/src/main/resources
2017-01-10 15:03:45,826 [Worker-2] INFO  o.e.m.c.i.embedder.EclipseLogger - Using 'UTF-8' encoding to copy filtered resources.
2017-01-10 15:03:45,826 [Worker-2] INFO  o.e.m.c.i.embedder.EclipseLogger - skip non existing resourceDirectory /Users/agolubev1/Desktop/Dawn/update/src/test/resources
2017-01-10 15:04:44,721 [Worker-1] INFO  o.e.m.c.i.embedder.EclipseLogger - Using 'UTF-8' encoding to copy filtered resources.
2017-01-10 15:04:44,723 [Worker-1] INFO  o.e.m.c.i.embedder.EclipseLogger - skip non existing resourceDirectory /Users/agolubev1/Desktop/Dawn/update/src/main/resources
2017-01-10 15:04:44,724 [Worker-1] INFO  o.e.m.c.i.embedder.EclipseLogger - Using 'UTF-8' encoding to copy filtered resources.
2017-01-10 15:04:44,724 [Worker-1] INFO  o.e.m.c.i.embedder.EclipseLogger - skip non existing resourceDirectory /Users/agolubev1/Desktop/Dawn/update/src/test/resources
2017-01-10 15:04:54,165 [Worker-0] INFO  o.e.m.c.i.embedder.EclipseLogger - Using 'UTF-8' encoding to copy filtered resources.
2017-01-10 15:04:54,165 [Worker-0] INFO  o.e.m.c.i.embedder.EclipseLogger - skip non existing resourceDirectory /Users/agolubev1/Desktop/Dawn/update/src/main/resources
2017-01-10 15:04:54,166 [Worker-0] INFO  o.e.m.c.i.embedder.EclipseLogger - Using 'UTF-8' encoding to copy filtered resources.
2017-01-10 15:04:54,166 [Worker-0] INFO  o.e.m.c.i.embedder.EclipseLogger - skip non existing resourceDirectory /Users/agolubev1/Desktop/Dawn/update/src/test/resources
2017-01-10 15:06:43,733 [Worker-1] INFO  o.e.m.c.i.embedder.EclipseLogger - Using 'UTF-8' encoding to copy filtered resources.
2017-01-10 15:06:43,733 [Worker-1] INFO  o.e.m.c.i.embedder.EclipseLogger - skip non existing resourceDirectory /Users/agolubev1/Desktop/Dawn/update/src/main/resources
2017-01-10 15:06:43,734 [Worker-1] INFO  o.e.m.c.i.embedder.EclipseLogger - Using 'UTF-8' encoding to copy filtered resources.
2017-01-10 15:06:43,734 [Worker-1] INFO  o.e.m.c.i.embedder.EclipseLogger - skip non existing resourceDirectory /Users/agolubev1/Desktop/Dawn/update/src/test/resources
2017-01-10 15:13:56,494 [Worker-8] INFO  o.e.m.c.i.embedder.EclipseLogger - Using 'UTF-8' encoding to copy filtered resources.
2017-01-10 15:13:56,495 [Worker-8] INFO  o.e.m.c.i.embedder.EclipseLogger - skip non existing resourceDirectory /Users/agolubev1/Desktop/Dawn/update/src/main/resources
2017-01-10 15:13:56,496 [Worker-8] INFO  o.e.m.c.i.embedder.EclipseLogger - Using 'UTF-8' encoding to copy filtered resources.
2017-01-10 15:13:56,496 [Worker-8] INFO  o.e.m.c.i.embedder.EclipseLogger - skip non existing resourceDirectory /Users/agolubev1/Desktop/Dawn/update/src/test/resources
